<?xml version="1.0" encoding="UTF-8"?>
<!-- Generated by org.testng.reporters.JUnitReportReporter -->
<testsuite skipped="0" hostname="LAPTOP-M7NDOE15" name="demoTest.HomePageTest" tests="1" failures="0" timestamp="2022-03-19T23:46:28 IST" time="0.357" errors="0">
  <testcase name="validateDropdown" time="0.357" classname="demoTest.HomePageTest"/>
  <system-out/>
</testsuite> <!-- demoTest.HomePageTest -->
