<?xml version="1.0" encoding="UTF-8"?>
<!-- Generated by org.testng.reporters.JUnitReportReporter -->
<testsuite skipped="0" hostname="LAPTOP-M7NDOE15" name="demoTest.RegistrationPageTest" tests="1" failures="0" timestamp="2022-03-19T23:46:28 IST" time="0.566" errors="0">
  <testcase name="validateRegistration" time="0.566" classname="demoTest.RegistrationPageTest"/>
  <system-out/>
</testsuite> <!-- demoTest.RegistrationPageTest -->
